<?xml version='1.0' encoding='UTF-8' ?>
<testsuite name="com.example.dogglers.HorizontalListTests" tests="4" failures="0" errors="0" skipped="0" time="7.685" timestamp="2022-06-23T10:47:48" hostname="localhost">
  <properties>
    <property name="device" value="SM-A217F - 11" />
    <property name="flavor" value="" />
    <property name="project" value=":app" />
  </properties>
  <testcase name="recycler_view_item_count" classname="com.example.dogglers.HorizontalListTests" time="1.872" />
  <testcase name="horizontal_scrolling" classname="com.example.dogglers.HorizontalListTests" time="1.36" />
  <testcase name="horizontal_scroll_content_at_last_position" classname="com.example.dogglers.HorizontalListTests" time="1.009" />
  <testcase name="horizontal_scroll_content_at_first_position" classname="com.example.dogglers.HorizontalListTests" time="1.017" />
</testsuite>